<?xml version="1.0" encoding="UTF-8"?>
<robot generator="Robot 7.2.2 (Python 3.13.2 on win32)" generated="2025-03-29T01:40:10.242738" rpa="false" schemaversion="5">
<suite id="s1" name="Cadastro" source="C:\Users\Aline Alves\OneDrive\Documentos\ROBOT-PROJECT\Suítes\Cadastro">
<suite id="s1-s1" name="Cadastro" source="C:\Users\Aline Alves\OneDrive\Documentos\ROBOT-PROJECT\Suítes\Cadastro\cadastro.robot">
<kw name="Abrir o site" type="SETUP">
<kw name="Open Browser" owner="SeleniumLibrary">
<msg time="2025-03-29T01:40:10.418323" level="INFO">Opening browser 'chrome' to base url 'https://adopet-frontend-cypress.vercel.app/'.</msg>
<arg>${URL_ADOPET}</arg>
<arg>chrome</arg>
<doc>Opens a new browser instance to the optional ``url``.</doc>
<status status="PASS" start="2025-03-29T01:40:10.418134" elapsed="2.221517"/>
</kw>
<kw name="Maximize Browser Window" owner="SeleniumLibrary">
<doc>Maximizes current browser window.</doc>
<status status="PASS" start="2025-03-29T01:40:12.640020" elapsed="0.044980"/>
</kw>
<status status="PASS" start="2025-03-29T01:40:10.417661" elapsed="2.267829"/>
</kw>
<test id="s1-s1-t1" name="Cenário 01: Cadastro adopet" line="57">
<kw name="Desativar Screenshots">
<kw name="Set Global Variable" owner="BuiltIn">
<msg time="2025-03-29T01:40:12.690701" level="INFO">${FAILURE_SCREENSHOT_DIRECTORY} = </msg>
<arg>${FAILURE_SCREENSHOT_DIRECTORY}</arg>
<arg>${EMPTY}</arg>
<doc>Makes a variable available globally in all tests and suites.</doc>
<status status="PASS" start="2025-03-29T01:40:12.689039" elapsed="0.001839"/>
</kw>
<status status="PASS" start="2025-03-29T01:40:12.688220" elapsed="0.002934"/>
</kw>
<kw name="Clicar em Cadastrar">
<kw name="Wait Until Element Is Visible" owner="SeleniumLibrary">
<arg>//*[@id="root"]/main/section/div/div/a[1]</arg>
<arg>3s</arg>
<doc>Waits until the element ``locator`` is visible.</doc>
<status status="PASS" start="2025-03-29T01:40:12.692174" elapsed="0.066121"/>
</kw>
<kw name="Scroll Element Into View" owner="SeleniumLibrary">
<arg>//*[@id="root"]/main/section/div/div/a[1]</arg>
<doc>Scrolls the element identified by ``locator`` into view.</doc>
<status status="PASS" start="2025-03-29T01:40:12.758497" elapsed="0.328085"/>
</kw>
<kw name="Click Link" owner="SeleniumLibrary">
<msg time="2025-03-29T01:40:13.087310" level="INFO">Clicking link 'xpath=//a[@data-test="register-button" and text()="Cadastrar"]'.</msg>
<arg>xpath=//a[@data-test="register-button" and text()="Cadastrar"]</arg>
<doc>Clicks a link identified by ``locator``.</doc>
<status status="PASS" start="2025-03-29T01:40:13.086936" elapsed="0.304544"/>
</kw>
<status status="PASS" start="2025-03-29T01:40:12.691759" elapsed="0.699944"/>
</kw>
<kw name="Inserir dados de cadastro">
<kw name="Input Text" owner="SeleniumLibrary">
<msg time="2025-03-29T01:40:13.393124" level="INFO">Typing text 'Aline Testes' into text field '//*[@id="name"]'.</msg>
<arg>//*[@id="name"]</arg>
<arg>Aline Testes</arg>
<doc>Types the given ``text`` into the text field identified by ``locator``.</doc>
<status status="PASS" start="2025-03-29T01:40:13.392856" elapsed="0.174217"/>
</kw>
<kw name="Input Text" owner="SeleniumLibrary">
<msg time="2025-03-29T01:40:13.567657" level="INFO">Typing text 'aline.teste@gmail.com' into text field '//*[@id="email"]'.</msg>
<arg>//*[@id="email"]</arg>
<arg>${EMAIL}</arg>
<doc>Types the given ``text`` into the text field identified by ``locator``.</doc>
<status status="PASS" start="2025-03-29T01:40:13.567239" elapsed="0.087678"/>
</kw>
<kw name="Input Text" owner="SeleniumLibrary">
<msg time="2025-03-29T01:40:13.655358" level="INFO">Typing text 'A1234a' into text field '//*[@id="pass-create"]'.</msg>
<arg>//*[@id="pass-create"]</arg>
<arg>${PASSWORD}</arg>
<doc>Types the given ``text`` into the text field identified by ``locator``.</doc>
<status status="PASS" start="2025-03-29T01:40:13.655080" elapsed="0.080725"/>
</kw>
<kw name="Input Text" owner="SeleniumLibrary">
<msg time="2025-03-29T01:40:13.736560" level="INFO">Typing text 'A1234a' into text field '//*[@id="pass-confirm"]'.</msg>
<arg>//*[@id="pass-confirm"]</arg>
<arg>${PASSWORD}</arg>
<doc>Types the given ``text`` into the text field identified by ``locator``.</doc>
<status status="PASS" start="2025-03-29T01:40:13.736114" elapsed="0.078210"/>
</kw>
<status status="PASS" start="2025-03-29T01:40:13.392367" elapsed="0.422061"/>
</kw>
<kw name="Enviar cadastro">
<kw name="Scroll Element Into View" owner="SeleniumLibrary">
<arg>xpath=//*[@id="root"]/main/section/form/button[text()="Cadastrar"]</arg>
<doc>Scrolls the element identified by ``locator`` into view.</doc>
<status status="PASS" start="2025-03-29T01:40:13.815010" elapsed="0.283984"/>
</kw>
<kw name="Click Element" owner="SeleniumLibrary">
<msg time="2025-03-29T01:40:14.100101" level="INFO">Clicking element 'xpath=//button[@data-test="submit-button" and text()="Cadastrar"]'.</msg>
<arg>xpath=//button[@data-test="submit-button" and text()="Cadastrar"]</arg>
<doc>Click the element identified by ``locator``.</doc>
<status status="PASS" start="2025-03-29T01:40:14.099603" elapsed="0.067450"/>
</kw>
<status status="PASS" start="2025-03-29T01:40:13.814732" elapsed="0.352621"/>
</kw>
<kw name="Verificar cadastro">
<kw name="Wait Until Element Is Visible" owner="SeleniumLibrary">
<arg>${VERIFY}</arg>
<arg>5s</arg>
<doc>Waits until the element ``locator`` is visible.</doc>
<status status="PASS" start="2025-03-29T01:40:14.168860" elapsed="0.031731"/>
</kw>
<kw name="Sleep" owner="BuiltIn">
<msg time="2025-03-29T01:40:19.201720" level="INFO">Slept 5 seconds.</msg>
<arg>5s</arg>
<doc>Pauses the test executed for the given time.</doc>
<status status="PASS" start="2025-03-29T01:40:14.200739" elapsed="5.001185"/>
</kw>
<kw name="Element Should Be Visible" owner="SeleniumLibrary">
<msg time="2025-03-29T01:40:19.232104" level="INFO">Element '//*[@id="root"]/main/section/p' is displayed.</msg>
<arg>${VERIFY}</arg>
<doc>Verifies that the element identified by ``locator`` is visible.</doc>
<status status="PASS" start="2025-03-29T01:40:19.202234" elapsed="0.030036"/>
</kw>
<status status="PASS" start="2025-03-29T01:40:14.168080" elapsed="5.064374"/>
</kw>
<status status="PASS" start="2025-03-29T01:40:12.685805" elapsed="6.547278"/>
</test>
<kw name="Fechar site" type="TEARDOWN">
<kw name="Close Browser" owner="SeleniumLibrary">
<doc>Closes the current browser.</doc>
<status status="PASS" start="2025-03-29T01:40:19.235328" elapsed="2.298044"/>
</kw>
<status status="PASS" start="2025-03-29T01:40:19.235042" elapsed="2.298616"/>
</kw>
<status status="PASS" start="2025-03-29T01:40:10.267778" elapsed="11.265977"/>
</suite>
<status status="PASS" start="2025-03-29T01:40:10.244479" elapsed="11.293036"/>
</suite>
<statistics>
<total>
<stat pass="1" fail="0" skip="0">All Tests</stat>
</total>
<tag>
</tag>
<suite>
<stat name="Cadastro" id="s1" pass="1" fail="0" skip="0">Cadastro</stat>
<stat name="Cadastro" id="s1-s1" pass="1" fail="0" skip="0">Cadastro.Cadastro</stat>
</suite>
</statistics>
<errors>
</errors>
</robot>
